[2019-04-08 13:15:06] development.ERROR: Plugin \kalyan\cvmanagement\Plugin could not be instantiated. {"message":"syntax error, unexpected '}', expecting ';'","file":"/var/www/html/plugins/kalyan/cvmanagement/Plugin.php","line":11,"trace":"#0 [internal function]: October\\Rain\\Support\\ClassLoader->load('kalyan\\\\cvmanage...')
#1 [internal function]: spl_autoload_call('kalyan\\\\cvmanage...')
#2 /var/www/html/modules/system/classes/PluginManager.php(127): class_exists('\\\\kalyan\\\\cvmanag...')
#3 /var/www/html/modules/system/classes/PluginManager.php(108): System\\Classes\\PluginManager->loadPlugin('\\\\kalyan\\\\cvmanag...', '/var/www/html/p...')
#4 /var/www/html/modules/system/classes/PluginManager.php(79): System\\Classes\\PluginManager->loadPlugins()
#5 /var/www/html/vendor/october/rain/src/Support/Traits/Singleton.php(39): System\\Classes\\PluginManager->init()
#6 /var/www/html/vendor/october/rain/src/Support/Traits/Singleton.php(23): System\\Classes\\PluginManager->__construct()
#7 /var/www/html/modules/system/ServiceProvider.php(47): System\\Classes\\PluginManager::instance()
#8 /var/www/html/vendor/laravel/framework/src/Illuminate/Foundation/Application.php(586): System\\ServiceProvider->register()
#9 /var/www/html/vendor/laravel/framework/src/Illuminate/Foundation/ProviderRepository.php(75): Illuminate\\Foundation\\Application->register(Object(System\\ServiceProvider))
#10 /var/www/html/vendor/laravel/framework/src/Illuminate/Foundation/Application.php(561): Illuminate\\Foundation\\ProviderRepository->load(Array)
#11 /var/www/html/vendor/laravel/framework/src/Illuminate/Foundation/Bootstrap/RegisterProviders.php(17): Illuminate\\Foundation\\Application->registerConfiguredProviders()
#12 /var/www/html/vendor/laravel/framework/src/Illuminate/Foundation/Application.php(213): Illuminate\\Foundation\\Bootstrap\\RegisterProviders->bootstrap(Object(October\\Rain\\Foundation\\Application))
#13 /var/www/html/vendor/laravel/framework/src/Illuminate/Foundation/Http/Kernel.php(162): Illuminate\\Foundation\\Application->bootstrapWith(Array)
#14 /var/www/html/vendor/laravel/framework/src/Illuminate/Foundation/Http/Kernel.php(146): Illuminate\\Foundation\\Http\\Kernel->bootstrap()
#15 /var/www/html/vendor/laravel/framework/src/Illuminate/Foundation/Http/Kernel.php(116): Illuminate\\Foundation\\Http\\Kernel->sendRequestThroughRouter(Object(Illuminate\\Http\\Request))
#16 /var/www/html/index.php(43): Illuminate\\Foundation\\Http\\Kernel->handle(Object(Illuminate\\Http\\Request))
#17 {main}"} 
[2019-04-08 13:15:17] development.ERROR: Plugin \kalyan\cvmanagement\Plugin could not be instantiated. {"message":"syntax error, unexpected '}', expecting ';'","file":"/var/www/html/plugins/kalyan/cvmanagement/Plugin.php","line":11,"trace":"#0 [internal function]: October\\Rain\\Support\\ClassLoader->load('kalyan\\\\cvmanage...')
#1 [internal function]: spl_autoload_call('kalyan\\\\cvmanage...')
#2 /var/www/html/modules/system/classes/PluginManager.php(127): class_exists('\\\\kalyan\\\\cvmanag...')
#3 /var/www/html/modules/system/classes/PluginManager.php(108): System\\Classes\\PluginManager->loadPlugin('\\\\kalyan\\\\cvmanag...', '/var/www/html/p...')
#4 /var/www/html/modules/system/classes/PluginManager.php(79): System\\Classes\\PluginManager->loadPlugins()
#5 /var/www/html/vendor/october/rain/src/Support/Traits/Singleton.php(39): System\\Classes\\PluginManager->init()
#6 /var/www/html/vendor/october/rain/src/Support/Traits/Singleton.php(23): System\\Classes\\PluginManager->__construct()
#7 /var/www/html/modules/system/ServiceProvider.php(47): System\\Classes\\PluginManager::instance()
#8 /var/www/html/vendor/laravel/framework/src/Illuminate/Foundation/Application.php(586): System\\ServiceProvider->register()
#9 /var/www/html/vendor/laravel/framework/src/Illuminate/Foundation/ProviderRepository.php(75): Illuminate\\Foundation\\Application->register(Object(System\\ServiceProvider))
#10 /var/www/html/vendor/laravel/framework/src/Illuminate/Foundation/Application.php(561): Illuminate\\Foundation\\ProviderRepository->load(Array)
#11 /var/www/html/vendor/laravel/framework/src/Illuminate/Foundation/Bootstrap/RegisterProviders.php(17): Illuminate\\Foundation\\Application->registerConfiguredProviders()
#12 /var/www/html/vendor/laravel/framework/src/Illuminate/Foundation/Application.php(213): Illuminate\\Foundation\\Bootstrap\\RegisterProviders->bootstrap(Object(October\\Rain\\Foundation\\Application))
#13 /var/www/html/vendor/laravel/framework/src/Illuminate/Foundation/Http/Kernel.php(162): Illuminate\\Foundation\\Application->bootstrapWith(Array)
#14 /var/www/html/vendor/laravel/framework/src/Illuminate/Foundation/Http/Kernel.php(146): Illuminate\\Foundation\\Http\\Kernel->bootstrap()
#15 /var/www/html/vendor/laravel/framework/src/Illuminate/Foundation/Http/Kernel.php(116): Illuminate\\Foundation\\Http\\Kernel->sendRequestThroughRouter(Object(Illuminate\\Http\\Request))
#16 /var/www/html/index.php(43): Illuminate\\Foundation\\Http\\Kernel->handle(Object(Illuminate\\Http\\Request))
#17 {main}"} 
[2019-04-08 13:15:20] development.ERROR: Plugin \kalyan\cvmanagement\Plugin could not be instantiated. {"message":"syntax error, unexpected '}', expecting ';'","file":"/var/www/html/plugins/kalyan/cvmanagement/Plugin.php","line":11,"trace":"#0 [internal function]: October\\Rain\\Support\\ClassLoader->load('kalyan\\\\cvmanage...')
#1 [internal function]: spl_autoload_call('kalyan\\\\cvmanage...')
#2 /var/www/html/modules/system/classes/PluginManager.php(127): class_exists('\\\\kalyan\\\\cvmanag...')
#3 /var/www/html/modules/system/classes/PluginManager.php(108): System\\Classes\\PluginManager->loadPlugin('\\\\kalyan\\\\cvmanag...', '/var/www/html/p...')
#4 /var/www/html/modules/system/classes/PluginManager.php(79): System\\Classes\\PluginManager->loadPlugins()
#5 /var/www/html/vendor/october/rain/src/Support/Traits/Singleton.php(39): System\\Classes\\PluginManager->init()
#6 /var/www/html/vendor/october/rain/src/Support/Traits/Singleton.php(23): System\\Classes\\PluginManager->__construct()
#7 /var/www/html/modules/system/ServiceProvider.php(47): System\\Classes\\PluginManager::instance()
#8 /var/www/html/vendor/laravel/framework/src/Illuminate/Foundation/Application.php(586): System\\ServiceProvider->register()
#9 /var/www/html/vendor/laravel/framework/src/Illuminate/Foundation/ProviderRepository.php(75): Illuminate\\Foundation\\Application->register(Object(System\\ServiceProvider))
#10 /var/www/html/vendor/laravel/framework/src/Illuminate/Foundation/Application.php(561): Illuminate\\Foundation\\ProviderRepository->load(Array)
#11 /var/www/html/vendor/laravel/framework/src/Illuminate/Foundation/Bootstrap/RegisterProviders.php(17): Illuminate\\Foundation\\Application->registerConfiguredProviders()
#12 /var/www/html/vendor/laravel/framework/src/Illuminate/Foundation/Application.php(213): Illuminate\\Foundation\\Bootstrap\\RegisterProviders->bootstrap(Object(October\\Rain\\Foundation\\Application))
#13 /var/www/html/vendor/laravel/framework/src/Illuminate/Foundation/Http/Kernel.php(162): Illuminate\\Foundation\\Application->bootstrapWith(Array)
#14 /var/www/html/vendor/laravel/framework/src/Illuminate/Foundation/Http/Kernel.php(146): Illuminate\\Foundation\\Http\\Kernel->bootstrap()
#15 /var/www/html/vendor/laravel/framework/src/Illuminate/Foundation/Http/Kernel.php(116): Illuminate\\Foundation\\Http\\Kernel->sendRequestThroughRouter(Object(Illuminate\\Http\\Request))
#16 /var/www/html/index.php(43): Illuminate\\Foundation\\Http\\Kernel->handle(Object(Illuminate\\Http\\Request))
#17 {main}"} 
[2019-04-08 13:15:22] development.ERROR: Plugin \kalyan\cvmanagement\Plugin could not be instantiated. {"message":"syntax error, unexpected '}', expecting ';'","file":"/var/www/html/plugins/kalyan/cvmanagement/Plugin.php","line":11,"trace":"#0 [internal function]: October\\Rain\\Support\\ClassLoader->load('kalyan\\\\cvmanage...')
#1 [internal function]: spl_autoload_call('kalyan\\\\cvmanage...')
#2 /var/www/html/modules/system/classes/PluginManager.php(127): class_exists('\\\\kalyan\\\\cvmanag...')
#3 /var/www/html/modules/system/classes/PluginManager.php(108): System\\Classes\\PluginManager->loadPlugin('\\\\kalyan\\\\cvmanag...', '/var/www/html/p...')
#4 /var/www/html/modules/system/classes/PluginManager.php(79): System\\Classes\\PluginManager->loadPlugins()
#5 /var/www/html/vendor/october/rain/src/Support/Traits/Singleton.php(39): System\\Classes\\PluginManager->init()
#6 /var/www/html/vendor/october/rain/src/Support/Traits/Singleton.php(23): System\\Classes\\PluginManager->__construct()
#7 /var/www/html/modules/system/ServiceProvider.php(47): System\\Classes\\PluginManager::instance()
#8 /var/www/html/vendor/laravel/framework/src/Illuminate/Foundation/Application.php(586): System\\ServiceProvider->register()
#9 /var/www/html/vendor/laravel/framework/src/Illuminate/Foundation/ProviderRepository.php(75): Illuminate\\Foundation\\Application->register(Object(System\\ServiceProvider))
#10 /var/www/html/vendor/laravel/framework/src/Illuminate/Foundation/Application.php(561): Illuminate\\Foundation\\ProviderRepository->load(Array)
#11 /var/www/html/vendor/laravel/framework/src/Illuminate/Foundation/Bootstrap/RegisterProviders.php(17): Illuminate\\Foundation\\Application->registerConfiguredProviders()
#12 /var/www/html/vendor/laravel/framework/src/Illuminate/Foundation/Application.php(213): Illuminate\\Foundation\\Bootstrap\\RegisterProviders->bootstrap(Object(October\\Rain\\Foundation\\Application))
#13 /var/www/html/vendor/laravel/framework/src/Illuminate/Foundation/Http/Kernel.php(162): Illuminate\\Foundation\\Application->bootstrapWith(Array)
#14 /var/www/html/vendor/laravel/framework/src/Illuminate/Foundation/Http/Kernel.php(146): Illuminate\\Foundation\\Http\\Kernel->bootstrap()
#15 /var/www/html/vendor/laravel/framework/src/Illuminate/Foundation/Http/Kernel.php(116): Illuminate\\Foundation\\Http\\Kernel->sendRequestThroughRouter(Object(Illuminate\\Http\\Request))
#16 /var/www/html/index.php(43): Illuminate\\Foundation\\Http\\Kernel->handle(Object(Illuminate\\Http\\Request))
#17 {main}"} 
[2019-04-08 13:16:37] development.ERROR: Plugin \kalyan\cvmanagement\Plugin could not be instantiated. {"message":"syntax error, unexpected '}', expecting ';'","file":"/var/www/html/plugins/kalyan/cvmanagement/Plugin.php","line":11,"trace":"#0 [internal function]: October\\Rain\\Support\\ClassLoader->load('kalyan\\\\cvmanage...')
#1 [internal function]: spl_autoload_call('kalyan\\\\cvmanage...')
#2 /var/www/html/modules/system/classes/PluginManager.php(127): class_exists('\\\\kalyan\\\\cvmanag...')
#3 /var/www/html/modules/system/classes/PluginManager.php(108): System\\Classes\\PluginManager->loadPlugin('\\\\kalyan\\\\cvmanag...', '/var/www/html/p...')
#4 /var/www/html/modules/system/classes/PluginManager.php(79): System\\Classes\\PluginManager->loadPlugins()
#5 /var/www/html/vendor/october/rain/src/Support/Traits/Singleton.php(39): System\\Classes\\PluginManager->init()
#6 /var/www/html/vendor/october/rain/src/Support/Traits/Singleton.php(23): System\\Classes\\PluginManager->__construct()
#7 /var/www/html/modules/system/ServiceProvider.php(47): System\\Classes\\PluginManager::instance()
#8 /var/www/html/vendor/laravel/framework/src/Illuminate/Foundation/Application.php(586): System\\ServiceProvider->register()
#9 /var/www/html/vendor/laravel/framework/src/Illuminate/Foundation/ProviderRepository.php(75): Illuminate\\Foundation\\Application->register(Object(System\\ServiceProvider))
#10 /var/www/html/vendor/laravel/framework/src/Illuminate/Foundation/Application.php(561): Illuminate\\Foundation\\ProviderRepository->load(Array)
#11 /var/www/html/vendor/laravel/framework/src/Illuminate/Foundation/Bootstrap/RegisterProviders.php(17): Illuminate\\Foundation\\Application->registerConfiguredProviders()
#12 /var/www/html/vendor/laravel/framework/src/Illuminate/Foundation/Application.php(213): Illuminate\\Foundation\\Bootstrap\\RegisterProviders->bootstrap(Object(October\\Rain\\Foundation\\Application))
#13 /var/www/html/vendor/laravel/framework/src/Illuminate/Foundation/Http/Kernel.php(162): Illuminate\\Foundation\\Application->bootstrapWith(Array)
#14 /var/www/html/vendor/laravel/framework/src/Illuminate/Foundation/Http/Kernel.php(146): Illuminate\\Foundation\\Http\\Kernel->bootstrap()
#15 /var/www/html/vendor/laravel/framework/src/Illuminate/Foundation/Http/Kernel.php(116): Illuminate\\Foundation\\Http\\Kernel->sendRequestThroughRouter(Object(Illuminate\\Http\\Request))
#16 /var/www/html/index.php(43): Illuminate\\Foundation\\Http\\Kernel->handle(Object(Illuminate\\Http\\Request))
#17 {main}"} 
[2019-04-08 13:16:38] development.ERROR: Plugin \kalyan\cvmanagement\Plugin could not be instantiated. {"message":"syntax error, unexpected '}', expecting ';'","file":"/var/www/html/plugins/kalyan/cvmanagement/Plugin.php","line":11,"trace":"#0 [internal function]: October\\Rain\\Support\\ClassLoader->load('kalyan\\\\cvmanage...')
#1 [internal function]: spl_autoload_call('kalyan\\\\cvmanage...')
#2 /var/www/html/modules/system/classes/PluginManager.php(127): class_exists('\\\\kalyan\\\\cvmanag...')
#3 /var/www/html/modules/system/classes/PluginManager.php(108): System\\Classes\\PluginManager->loadPlugin('\\\\kalyan\\\\cvmanag...', '/var/www/html/p...')
#4 /var/www/html/modules/system/classes/PluginManager.php(79): System\\Classes\\PluginManager->loadPlugins()
#5 /var/www/html/vendor/october/rain/src/Support/Traits/Singleton.php(39): System\\Classes\\PluginManager->init()
#6 /var/www/html/vendor/october/rain/src/Support/Traits/Singleton.php(23): System\\Classes\\PluginManager->__construct()
#7 /var/www/html/modules/system/ServiceProvider.php(47): System\\Classes\\PluginManager::instance()
#8 /var/www/html/vendor/laravel/framework/src/Illuminate/Foundation/Application.php(586): System\\ServiceProvider->register()
#9 /var/www/html/vendor/laravel/framework/src/Illuminate/Foundation/ProviderRepository.php(75): Illuminate\\Foundation\\Application->register(Object(System\\ServiceProvider))
#10 /var/www/html/vendor/laravel/framework/src/Illuminate/Foundation/Application.php(561): Illuminate\\Foundation\\ProviderRepository->load(Array)
#11 /var/www/html/vendor/laravel/framework/src/Illuminate/Foundation/Bootstrap/RegisterProviders.php(17): Illuminate\\Foundation\\Application->registerConfiguredProviders()
#12 /var/www/html/vendor/laravel/framework/src/Illuminate/Foundation/Application.php(213): Illuminate\\Foundation\\Bootstrap\\RegisterProviders->bootstrap(Object(October\\Rain\\Foundation\\Application))
#13 /var/www/html/vendor/laravel/framework/src/Illuminate/Foundation/Http/Kernel.php(162): Illuminate\\Foundation\\Application->bootstrapWith(Array)
#14 /var/www/html/vendor/laravel/framework/src/Illuminate/Foundation/Http/Kernel.php(146): Illuminate\\Foundation\\Http\\Kernel->bootstrap()
#15 /var/www/html/vendor/laravel/framework/src/Illuminate/Foundation/Http/Kernel.php(116): Illuminate\\Foundation\\Http\\Kernel->sendRequestThroughRouter(Object(Illuminate\\Http\\Request))
#16 /var/www/html/index.php(43): Illuminate\\Foundation\\Http\\Kernel->handle(Object(Illuminate\\Http\\Request))
#17 {main}"} 
[2019-04-08 13:16:38] development.ERROR: Plugin \kalyan\cvmanagement\Plugin could not be instantiated. {"message":"syntax error, unexpected '}', expecting ';'","file":"/var/www/html/plugins/kalyan/cvmanagement/Plugin.php","line":11,"trace":"#0 [internal function]: October\\Rain\\Support\\ClassLoader->load('kalyan\\\\cvmanage...')
#1 [internal function]: spl_autoload_call('kalyan\\\\cvmanage...')
#2 /var/www/html/modules/system/classes/PluginManager.php(127): class_exists('\\\\kalyan\\\\cvmanag...')
#3 /var/www/html/modules/system/classes/PluginManager.php(108): System\\Classes\\PluginManager->loadPlugin('\\\\kalyan\\\\cvmanag...', '/var/www/html/p...')
#4 /var/www/html/modules/system/classes/PluginManager.php(79): System\\Classes\\PluginManager->loadPlugins()
#5 /var/www/html/vendor/october/rain/src/Support/Traits/Singleton.php(39): System\\Classes\\PluginManager->init()
#6 /var/www/html/vendor/october/rain/src/Support/Traits/Singleton.php(23): System\\Classes\\PluginManager->__construct()
#7 /var/www/html/modules/system/ServiceProvider.php(47): System\\Classes\\PluginManager::instance()
#8 /var/www/html/vendor/laravel/framework/src/Illuminate/Foundation/Application.php(586): System\\ServiceProvider->register()
#9 /var/www/html/vendor/laravel/framework/src/Illuminate/Foundation/ProviderRepository.php(75): Illuminate\\Foundation\\Application->register(Object(System\\ServiceProvider))
#10 /var/www/html/vendor/laravel/framework/src/Illuminate/Foundation/Application.php(561): Illuminate\\Foundation\\ProviderRepository->load(Array)
#11 /var/www/html/vendor/laravel/framework/src/Illuminate/Foundation/Bootstrap/RegisterProviders.php(17): Illuminate\\Foundation\\Application->registerConfiguredProviders()
#12 /var/www/html/vendor/laravel/framework/src/Illuminate/Foundation/Application.php(213): Illuminate\\Foundation\\Bootstrap\\RegisterProviders->bootstrap(Object(October\\Rain\\Foundation\\Application))
#13 /var/www/html/vendor/laravel/framework/src/Illuminate/Foundation/Http/Kernel.php(162): Illuminate\\Foundation\\Application->bootstrapWith(Array)
#14 /var/www/html/vendor/laravel/framework/src/Illuminate/Foundation/Http/Kernel.php(146): Illuminate\\Foundation\\Http\\Kernel->bootstrap()
#15 /var/www/html/vendor/laravel/framework/src/Illuminate/Foundation/Http/Kernel.php(116): Illuminate\\Foundation\\Http\\Kernel->sendRequestThroughRouter(Object(Illuminate\\Http\\Request))
#16 /var/www/html/index.php(43): Illuminate\\Foundation\\Http\\Kernel->handle(Object(Illuminate\\Http\\Request))
#17 {main}"} 
[2019-04-08 13:16:38] development.ERROR: Plugin \kalyan\cvmanagement\Plugin could not be instantiated. {"message":"syntax error, unexpected '}', expecting ';'","file":"/var/www/html/plugins/kalyan/cvmanagement/Plugin.php","line":11,"trace":"#0 [internal function]: October\\Rain\\Support\\ClassLoader->load('kalyan\\\\cvmanage...')
#1 [internal function]: spl_autoload_call('kalyan\\\\cvmanage...')
#2 /var/www/html/modules/system/classes/PluginManager.php(127): class_exists('\\\\kalyan\\\\cvmanag...')
#3 /var/www/html/modules/system/classes/PluginManager.php(108): System\\Classes\\PluginManager->loadPlugin('\\\\kalyan\\\\cvmanag...', '/var/www/html/p...')
#4 /var/www/html/modules/system/classes/PluginManager.php(79): System\\Classes\\PluginManager->loadPlugins()
#5 /var/www/html/vendor/october/rain/src/Support/Traits/Singleton.php(39): System\\Classes\\PluginManager->init()
#6 /var/www/html/vendor/october/rain/src/Support/Traits/Singleton.php(23): System\\Classes\\PluginManager->__construct()
#7 /var/www/html/modules/system/ServiceProvider.php(47): System\\Classes\\PluginManager::instance()
#8 /var/www/html/vendor/laravel/framework/src/Illuminate/Foundation/Application.php(586): System\\ServiceProvider->register()
#9 /var/www/html/vendor/laravel/framework/src/Illuminate/Foundation/ProviderRepository.php(75): Illuminate\\Foundation\\Application->register(Object(System\\ServiceProvider))
#10 /var/www/html/vendor/laravel/framework/src/Illuminate/Foundation/Application.php(561): Illuminate\\Foundation\\ProviderRepository->load(Array)
#11 /var/www/html/vendor/laravel/framework/src/Illuminate/Foundation/Bootstrap/RegisterProviders.php(17): Illuminate\\Foundation\\Application->registerConfiguredProviders()
#12 /var/www/html/vendor/laravel/framework/src/Illuminate/Foundation/Application.php(213): Illuminate\\Foundation\\Bootstrap\\RegisterProviders->bootstrap(Object(October\\Rain\\Foundation\\Application))
#13 /var/www/html/vendor/laravel/framework/src/Illuminate/Foundation/Http/Kernel.php(162): Illuminate\\Foundation\\Application->bootstrapWith(Array)
#14 /var/www/html/vendor/laravel/framework/src/Illuminate/Foundation/Http/Kernel.php(146): Illuminate\\Foundation\\Http\\Kernel->bootstrap()
#15 /var/www/html/vendor/laravel/framework/src/Illuminate/Foundation/Http/Kernel.php(116): Illuminate\\Foundation\\Http\\Kernel->sendRequestThroughRouter(Object(Illuminate\\Http\\Request))
#16 /var/www/html/index.php(43): Illuminate\\Foundation\\Http\\Kernel->handle(Object(Illuminate\\Http\\Request))
#17 {main}"} 
[2019-04-08 13:16:38] development.ERROR: Plugin \kalyan\cvmanagement\Plugin could not be instantiated. {"message":"syntax error, unexpected '}', expecting ';'","file":"/var/www/html/plugins/kalyan/cvmanagement/Plugin.php","line":11,"trace":"#0 [internal function]: October\\Rain\\Support\\ClassLoader->load('kalyan\\\\cvmanage...')
#1 [internal function]: spl_autoload_call('kalyan\\\\cvmanage...')
#2 /var/www/html/modules/system/classes/PluginManager.php(127): class_exists('\\\\kalyan\\\\cvmanag...')
#3 /var/www/html/modules/system/classes/PluginManager.php(108): System\\Classes\\PluginManager->loadPlugin('\\\\kalyan\\\\cvmanag...', '/var/www/html/p...')
#4 /var/www/html/modules/system/classes/PluginManager.php(79): System\\Classes\\PluginManager->loadPlugins()
#5 /var/www/html/vendor/october/rain/src/Support/Traits/Singleton.php(39): System\\Classes\\PluginManager->init()
#6 /var/www/html/vendor/october/rain/src/Support/Traits/Singleton.php(23): System\\Classes\\PluginManager->__construct()
#7 /var/www/html/modules/system/ServiceProvider.php(47): System\\Classes\\PluginManager::instance()
#8 /var/www/html/vendor/laravel/framework/src/Illuminate/Foundation/Application.php(586): System\\ServiceProvider->register()
#9 /var/www/html/vendor/laravel/framework/src/Illuminate/Foundation/ProviderRepository.php(75): Illuminate\\Foundation\\Application->register(Object(System\\ServiceProvider))
#10 /var/www/html/vendor/laravel/framework/src/Illuminate/Foundation/Application.php(561): Illuminate\\Foundation\\ProviderRepository->load(Array)
#11 /var/www/html/vendor/laravel/framework/src/Illuminate/Foundation/Bootstrap/RegisterProviders.php(17): Illuminate\\Foundation\\Application->registerConfiguredProviders()
#12 /var/www/html/vendor/laravel/framework/src/Illuminate/Foundation/Application.php(213): Illuminate\\Foundation\\Bootstrap\\RegisterProviders->bootstrap(Object(October\\Rain\\Foundation\\Application))
#13 /var/www/html/vendor/laravel/framework/src/Illuminate/Foundation/Http/Kernel.php(162): Illuminate\\Foundation\\Application->bootstrapWith(Array)
#14 /var/www/html/vendor/laravel/framework/src/Illuminate/Foundation/Http/Kernel.php(146): Illuminate\\Foundation\\Http\\Kernel->bootstrap()
#15 /var/www/html/vendor/laravel/framework/src/Illuminate/Foundation/Http/Kernel.php(116): Illuminate\\Foundation\\Http\\Kernel->sendRequestThroughRouter(Object(Illuminate\\Http\\Request))
#16 /var/www/html/index.php(43): Illuminate\\Foundation\\Http\\Kernel->handle(Object(Illuminate\\Http\\Request))
#17 {main}"} 
[2019-04-08 13:16:38] development.ERROR: Plugin \kalyan\cvmanagement\Plugin could not be instantiated. {"message":"syntax error, unexpected '}', expecting ';'","file":"/var/www/html/plugins/kalyan/cvmanagement/Plugin.php","line":11,"trace":"#0 [internal function]: October\\Rain\\Support\\ClassLoader->load('kalyan\\\\cvmanage...')
#1 [internal function]: spl_autoload_call('kalyan\\\\cvmanage...')
#2 /var/www/html/modules/system/classes/PluginManager.php(127): class_exists('\\\\kalyan\\\\cvmanag...')
#3 /var/www/html/modules/system/classes/PluginManager.php(108): System\\Classes\\PluginManager->loadPlugin('\\\\kalyan\\\\cvmanag...', '/var/www/html/p...')
#4 /var/www/html/modules/system/classes/PluginManager.php(79): System\\Classes\\PluginManager->loadPlugins()
#5 /var/www/html/vendor/october/rain/src/Support/Traits/Singleton.php(39): System\\Classes\\PluginManager->init()
#6 /var/www/html/vendor/october/rain/src/Support/Traits/Singleton.php(23): System\\Classes\\PluginManager->__construct()
#7 /var/www/html/modules/system/ServiceProvider.php(47): System\\Classes\\PluginManager::instance()
#8 /var/www/html/vendor/laravel/framework/src/Illuminate/Foundation/Application.php(586): System\\ServiceProvider->register()
#9 /var/www/html/vendor/laravel/framework/src/Illuminate/Foundation/ProviderRepository.php(75): Illuminate\\Foundation\\Application->register(Object(System\\ServiceProvider))
#10 /var/www/html/vendor/laravel/framework/src/Illuminate/Foundation/Application.php(561): Illuminate\\Foundation\\ProviderRepository->load(Array)
#11 /var/www/html/vendor/laravel/framework/src/Illuminate/Foundation/Bootstrap/RegisterProviders.php(17): Illuminate\\Foundation\\Application->registerConfiguredProviders()
#12 /var/www/html/vendor/laravel/framework/src/Illuminate/Foundation/Application.php(213): Illuminate\\Foundation\\Bootstrap\\RegisterProviders->bootstrap(Object(October\\Rain\\Foundation\\Application))
#13 /var/www/html/vendor/laravel/framework/src/Illuminate/Foundation/Http/Kernel.php(162): Illuminate\\Foundation\\Application->bootstrapWith(Array)
#14 /var/www/html/vendor/laravel/framework/src/Illuminate/Foundation/Http/Kernel.php(146): Illuminate\\Foundation\\Http\\Kernel->bootstrap()
#15 /var/www/html/vendor/laravel/framework/src/Illuminate/Foundation/Http/Kernel.php(116): Illuminate\\Foundation\\Http\\Kernel->sendRequestThroughRouter(Object(Illuminate\\Http\\Request))
#16 /var/www/html/index.php(43): Illuminate\\Foundation\\Http\\Kernel->handle(Object(Illuminate\\Http\\Request))
#17 {main}"} 
[2019-04-08 13:16:39] development.ERROR: Plugin \kalyan\cvmanagement\Plugin could not be instantiated. {"message":"syntax error, unexpected '}', expecting ';'","file":"/var/www/html/plugins/kalyan/cvmanagement/Plugin.php","line":11,"trace":"#0 [internal function]: October\\Rain\\Support\\ClassLoader->load('kalyan\\\\cvmanage...')
#1 [internal function]: spl_autoload_call('kalyan\\\\cvmanage...')
#2 /var/www/html/modules/system/classes/PluginManager.php(127): class_exists('\\\\kalyan\\\\cvmanag...')
#3 /var/www/html/modules/system/classes/PluginManager.php(108): System\\Classes\\PluginManager->loadPlugin('\\\\kalyan\\\\cvmanag...', '/var/www/html/p...')
#4 /var/www/html/modules/system/classes/PluginManager.php(79): System\\Classes\\PluginManager->loadPlugins()
#5 /var/www/html/vendor/october/rain/src/Support/Traits/Singleton.php(39): System\\Classes\\PluginManager->init()
#6 /var/www/html/vendor/october/rain/src/Support/Traits/Singleton.php(23): System\\Classes\\PluginManager->__construct()
#7 /var/www/html/modules/system/ServiceProvider.php(47): System\\Classes\\PluginManager::instance()
#8 /var/www/html/vendor/laravel/framework/src/Illuminate/Foundation/Application.php(586): System\\ServiceProvider->register()
#9 /var/www/html/vendor/laravel/framework/src/Illuminate/Foundation/ProviderRepository.php(75): Illuminate\\Foundation\\Application->register(Object(System\\ServiceProvider))
#10 /var/www/html/vendor/laravel/framework/src/Illuminate/Foundation/Application.php(561): Illuminate\\Foundation\\ProviderRepository->load(Array)
#11 /var/www/html/vendor/laravel/framework/src/Illuminate/Foundation/Bootstrap/RegisterProviders.php(17): Illuminate\\Foundation\\Application->registerConfiguredProviders()
#12 /var/www/html/vendor/laravel/framework/src/Illuminate/Foundation/Application.php(213): Illuminate\\Foundation\\Bootstrap\\RegisterProviders->bootstrap(Object(October\\Rain\\Foundation\\Application))
#13 /var/www/html/vendor/laravel/framework/src/Illuminate/Foundation/Http/Kernel.php(162): Illuminate\\Foundation\\Application->bootstrapWith(Array)
#14 /var/www/html/vendor/laravel/framework/src/Illuminate/Foundation/Http/Kernel.php(146): Illuminate\\Foundation\\Http\\Kernel->bootstrap()
#15 /var/www/html/vendor/laravel/framework/src/Illuminate/Foundation/Http/Kernel.php(116): Illuminate\\Foundation\\Http\\Kernel->sendRequestThroughRouter(Object(Illuminate\\Http\\Request))
#16 /var/www/html/index.php(43): Illuminate\\Foundation\\Http\\Kernel->handle(Object(Illuminate\\Http\\Request))
#17 {main}"} 
