.=====================================================================.
                                                                       
  .d8888b.   .o8888b.  db  .d8888b.  d8888b. d88888b d8888b.  .d888b.  
 .8P    Y8. d8P    Y8  88 .8P    Y8. 88  `8D 88'     88  `8D .8P , Y8. 
 88      88 8P     .ooo88 88      88 88oooY' 88oooo  88oobY' 88  |  88 
 88      88 8b     `~~~88 88      88 88~~~b. 88~~~~  88`8b   88  |/ 88 
 `8b    d8' Y8b    d8  88 `8b    d8' 88   8D 88.     88 `88. `8b | d8' 
  `Y8888P'   `Y8888P'  YP  `Y8888P'  Y8888P' Y88888P 88   YD  `Y888P'  
                                                                       
`========================== INSTALLATION LOG ========================='

[2019/04/05 11:54:27] Host: Linux ip-172-31-20-48 4.15.0-1032-aws #34-Ubuntu SMP Thu Jan 17 15:18:09 UTC 2019 x86_64
[2019/04/05 11:54:27] PHP version: 7.2.15-0ubuntu0.18.04.2
[2019/04/05 11:54:27] Server software: Apache/2.4.29 (Ubuntu)
[2019/04/05 11:54:27] Operating system: Linux
[2019/04/05 11:54:27] Memory limit: 128M
[2019/04/05 11:54:27] Max execution time: 3600
.============================ POST REQUEST ==========================.
[2019/04/05 11:54:28] Postback payload: Array
(
    [code] => phpVersion
    [handler] => onCheckRequirement
)

[2019/04/05 11:54:28] System check: phpVersion
[2019/04/05 11:54:28] Requirement phpVersion +OK
[2019/04/05 11:54:28] Execute handler (onCheckRequirement): Array
(
    [result] => 1
)

.============================ POST REQUEST ==========================.
[2019/04/05 11:54:28] Postback payload: Array
(
    [code] => curlLibrary
    [handler] => onCheckRequirement
)

[2019/04/05 11:54:28] System check: curlLibrary
[2019/04/05 11:54:28] Requirement curlLibrary +OK
[2019/04/05 11:54:28] Execute handler (onCheckRequirement): Array
(
    [result] => 1
)

.============================ POST REQUEST ==========================.
[2019/04/05 11:54:29] Postback payload: Array
(
    [code] => liveConnection
    [handler] => onCheckRequirement
)

[2019/04/05 11:54:29] System check: liveConnection
[2019/04/05 11:54:29] Server request: ping
[2019/04/05 11:54:29] Request information: Array
(
    [url] => http://gateway.octobercms.com/api/ping
    [content_type] => application/json
    [http_code] => 200
    [header_size] => 418
    [request_size] => 219
    [filetime] => -1
    [ssl_verify_result] => 0
    [redirect_count] => 0
    [total_time] => 0.422349
    [namelookup_time] => 0.060668
    [connect_time] => 0.190492
    [pretransfer_time] => 0.190537
    [size_upload] => 80
    [size_download] => 12
    [speed_download] => 28
    [speed_upload] => 189
    [download_content_length] => -1
    [upload_content_length] => 80
    [starttransfer_time] => 0.422319
    [redirect_time] => 0
    [redirect_url] => 
    [primary_ip] => 52.37.223.30
    [certinfo] => Array
        (
        )

    [primary_port] => 80
    [local_ip] => 172.31.20.48
    [local_port] => 52880
)

[2019/04/05 11:54:29] Requirement liveConnection +OK
[2019/04/05 11:54:29] Execute handler (onCheckRequirement): Array
(
    [result] => 1
)

.============================ POST REQUEST ==========================.
[2019/04/05 11:54:30] Postback payload: Array
(
    [code] => writePermission
    [handler] => onCheckRequirement
)

[2019/04/05 11:54:30] System check: writePermission
[2019/04/05 11:54:30] Requirement writePermission +OK
[2019/04/05 11:54:30] Execute handler (onCheckRequirement): Array
(
    [result] => 1
)

.============================ POST REQUEST ==========================.
[2019/04/05 11:54:31] Postback payload: Array
(
    [code] => pdoLibrary
    [handler] => onCheckRequirement
)

[2019/04/05 11:54:31] System check: pdoLibrary
[2019/04/05 11:54:31] Requirement pdoLibrary +OK
[2019/04/05 11:54:31] Execute handler (onCheckRequirement): Array
(
    [result] => 1
)

.============================ POST REQUEST ==========================.
[2019/04/05 11:54:31] Postback payload: Array
(
    [code] => mbstringLibrary
    [handler] => onCheckRequirement
)

[2019/04/05 11:54:31] System check: mbstringLibrary
[2019/04/05 11:54:31] Requirement mbstringLibrary +OK
[2019/04/05 11:54:31] Execute handler (onCheckRequirement): Array
(
    [result] => 1
)

.============================ POST REQUEST ==========================.
[2019/04/05 11:54:32] Postback payload: Array
(
    [code] => fileinfoLibrary
    [handler] => onCheckRequirement
)

[2019/04/05 11:54:32] System check: fileinfoLibrary
[2019/04/05 11:54:32] Requirement fileinfoLibrary +OK
[2019/04/05 11:54:32] Execute handler (onCheckRequirement): Array
(
    [result] => 1
)

.============================ POST REQUEST ==========================.
[2019/04/05 11:54:32] Postback payload: Array
(
    [code] => sslLibrary
    [handler] => onCheckRequirement
)

[2019/04/05 11:54:32] System check: sslLibrary
[2019/04/05 11:54:32] Requirement sslLibrary +OK
[2019/04/05 11:54:32] Execute handler (onCheckRequirement): Array
(
    [result] => 1
)

.============================ POST REQUEST ==========================.
[2019/04/05 11:54:33] Postback payload: Array
(
    [code] => zipLibrary
    [handler] => onCheckRequirement
)

[2019/04/05 11:54:33] System check: zipLibrary
[2019/04/05 11:54:33] Requirement zipLibrary +OK
[2019/04/05 11:54:33] Execute handler (onCheckRequirement): Array
(
    [result] => 1
)

.============================ POST REQUEST ==========================.
[2019/04/05 11:54:34] Postback payload: Array
(
    [code] => gdLibrary
    [handler] => onCheckRequirement
)

[2019/04/05 11:54:34] System check: gdLibrary
[2019/04/05 11:54:34] Requirement gdLibrary +OK
[2019/04/05 11:54:34] Execute handler (onCheckRequirement): Array
(
    [result] => 1
)

.============================ POST REQUEST ==========================.
[2019/04/05 11:57:02] Postback payload: Array
(
    [db_type] => mysql
    [db_host] => localhost
    [db_port] => 3306
    [db_name] => octobercms
    [db_user] => kalyan
    [db_pass] => *******
    [admin_first_name] => Kalyan
    [admin_last_name] => Giri
    [admin_email] => *******@*****.com
    [admin_login] => admin
    [admin_password] => *******
    [admin_confirm_password] => *******
    [backend_uri] => /backend
    [encryption_code] => *******
    [file_mask] => 777
    [folder_mask] => 777
    [handler] => onValidateDatabase
)

[2019/04/05 11:57:02] Handler error (onValidateDatabase): Connection failed: SQLSTATE[HY000] [1044] Access denied for user 'kalyan'@'localhost' to database 'octobercms'
[2019/04/05 11:57:02] Trace log:
#0 /var/www/html/install_files/php/Installer.php(48): Installer->onValidateDatabase()
#1 /var/www/html/install_files/php/boot.php(91): Installer->__construct()
#2 /var/www/html/install.php(1): include('/var/www/html/i...')
#3 {main}
.============================ POST REQUEST ==========================.
[2019/04/05 11:59:42] Postback payload: Array
(
    [db_type] => mysql
    [db_host] => localhost
    [db_port] => 3306
    [db_name] => octobercms
    [db_user] => kalyan
    [db_pass] => *******
    [admin_first_name] => Kalyan
    [admin_last_name] => Giri
    [admin_email] => *******@*****.com
    [admin_login] => admin
    [admin_password] => *******
    [admin_confirm_password] => *******
    [backend_uri] => /backend
    [encryption_code] => *******
    [file_mask] => 777
    [folder_mask] => 777
    [handler] => onValidateDatabase
)

.============================ POST REQUEST ==========================.
[2019/04/05 11:59:42] Postback payload: Array
(
    [db_type] => mysql
    [db_host] => localhost
    [db_port] => 3306
    [db_name] => octobercms
    [db_user] => kalyan
    [db_pass] => *******
    [admin_first_name] => Kalyan
    [admin_last_name] => Giri
    [admin_email] => *******@*****.com
    [admin_login] => admin
    [admin_password] => *******
    [admin_confirm_password] => *******
    [backend_uri] => /backend
    [encryption_code] => *******
    [file_mask] => 777
    [folder_mask] => 777
    [handler] => onValidateAdminAccount
)

.============================ POST REQUEST ==========================.
[2019/04/05 11:59:42] Postback payload: Array
(
    [db_type] => mysql
    [db_host] => localhost
    [db_port] => 3306
    [db_name] => octobercms
    [db_user] => kalyan
    [db_pass] => *******
    [admin_first_name] => Kalyan
    [admin_last_name] => Giri
    [admin_email] => *******@*****.com
    [admin_login] => admin
    [admin_password] => *******
    [admin_confirm_password] => *******
    [backend_uri] => /backend
    [encryption_code] => *******
    [file_mask] => 777
    [folder_mask] => 777
    [handler] => onValidateAdvancedConfig
)

.============================ POST REQUEST ==========================.
[2019/04/05 11:59:45] Postback payload: Array
(
    [handler] => onGetPopularThemes
)

[2019/04/05 11:59:46] Server request: theme/popular
[2019/04/05 11:59:46] Request information: Array
(
    [url] => http://gateway.octobercms.com/api/theme/popular
    [content_type] => application/json
    [http_code] => 200
    [header_size] => 418
    [request_size] => 228
    [filetime] => -1
    [ssl_verify_result] => 0
    [redirect_count] => 0
    [total_time] => 0.569847
    [namelookup_time] => 0.060713
    [connect_time] => 0.193852
    [pretransfer_time] => 0.193894
    [size_upload] => 80
    [size_download] => 4019
    [speed_download] => 7063
    [speed_upload] => 140
    [download_content_length] => -1
    [upload_content_length] => 80
    [starttransfer_time] => 0.569818
    [redirect_time] => 0
    [redirect_url] => 
    [primary_ip] => 52.37.223.30
    [certinfo] => Array
        (
        )

    [primary_port] => 80
    [local_ip] => 172.31.20.48
    [local_port] => 52886
)

[2019/04/05 11:59:46] Execute handler (onGetPopularThemes): Array
(
    [0] => Array
        (
            [name] => Clean Blog
            [description] => Clean blogger theme.
            [code] => Responsiv.Clean
            [updated_at] => 2019-04-05 06:11:20
            [image] => //gateway.octobercms.com/storage/app/uploads/public/58e/304/7a4/thumb_6978_210_140_0_0_crop.png
            [author] => Responsiv Internet
            [hash] => 07e5b7066168a94349ac92018770c2e8
            [demo_url] => http://daftspunk.com/
            [product_url] => http://gateway.octobercms.com/theme/responsiv-clean
        )

    [1] => Array
        (
            [name] => New Age
            [description] => Landing page for mobile apps
            [code] => VojtaSvoboda.newage
            [updated_at] => 2019-04-05 07:29:16
            [image] => //gateway.octobercms.com/storage/app/uploads/public/580/7eb/dc9/thumb_5770_210_140_0_0_crop.png
            [author] => Vojta Svoboda
            [hash] => 09d9e47e64a2ed47dc35146a792008c2
            [demo_url] => https://blackrockdigital.github.io/startbootstrap-new-age/
            [product_url] => http://gateway.octobercms.com/theme/vojtasvoboda-newage
        )

    [2] => Array
        (
            [name] => Stellar
            [description] => a clean, responsive one page and blog theme
            [code] => Zwiebl.zwiebl_stellar
            [updated_at] => 2019-04-04 22:07:34
            [image] => //gateway.octobercms.com/storage/app/uploads/public/57e/bb4/fe9/thumb_5641_210_140_0_0_crop.png
            [author] => Alpen.Space
            [hash] => 19345446d87ad08e6937503019a43fd9
            [demo_url] => https://demo-stellar.alpen.space/
            [product_url] => http://gateway.octobercms.com/theme/zwiebl-zwiebl-stellar
        )

    [3] => Array
        (
            [name] => Blank Bootstrap 4
            [description] => A blank Bootstrap 4 template
            [code] => Hambern.hambern-blank-bootstrap-4
            [updated_at] => 2019-04-05 09:50:44
            [image] => //gateway.octobercms.com/storage/app/uploads/public/57b/9ba/c48/thumb_5365_210_140_0_0_crop.png
            [author] => Mattias Hamberg
            [hash] => 9a6762de633774de2cebf69a88f290d1
            [demo_url] => 
            [product_url] => http://gateway.octobercms.com/theme/hambern-hambern-blank-bootstrap-4
        )

    [4] => Array
        (
            [name] => Bonjour
            [description] => A sample multi-lingual theme for translated content.
            [code] => RainLab.Bonjour
            [updated_at] => 2019-04-05 03:16:54
            [image] => //gateway.octobercms.com/storage/app/uploads/public/577/9df/850/thumb_4911_210_140_0_0_crop.png
            [author] => RainLab
            [hash] => f1084f81e0e1c5c8d22317794292deb3
            [demo_url] => 
            [product_url] => http://gateway.octobercms.com/theme/rainlab-bonjour
        )

    [5] => Array
        (
            [name] => Viola
            [description] => One Page Theme based on Bootstrap 4 with different color schemes, scss files included
            [code] => JumpLink.Viola
            [updated_at] => 2019-04-05 09:50:44
            [image] => //gateway.octobercms.com/storage/app/uploads/public/574/6af/435/thumb_4705_210_140_0_0_crop.png
            [author] => JumpLink
            [hash] => fe09a3915724fcc241e0e5914c8ea346
            [demo_url] => http://healthyteeth.jumplink.eu/
            [product_url] => http://gateway.octobercms.com/theme/jumplink-viola
        )

    [6] => Array
        (
            [name] => Relax
            [description] => A fictional site called House of Chairs that demonstrates how to build a client-friendly website.
            [code] => RainLab.Relax
            [updated_at] => 2019-04-05 09:50:44
            [image] => //gateway.octobercms.com/storage/app/uploads/public/559/49e/2da/thumb_2585_210_140_0_0_crop.png
            [author] => RainLab
            [hash] => a35c64b09ad6347b8a226291e5b8fd75
            [demo_url] => 
            [product_url] => http://gateway.octobercms.com/theme/rainlab-relax
        )

    [7] => Array
        (
            [name] => Vanilla
            [description] => A plain starter template that implements account management, a blog and community forum.
            [code] => RainLab.Vanilla
            [updated_at] => 2019-04-05 09:50:45
            [image] => //gateway.octobercms.com/storage/app/uploads/public/552/da4/0f8/thumb_2106_210_140_0_0_crop.png
            [author] => RainLab
            [hash] => 4b893d1c085a298e9b9b1d13635a675f
            [demo_url] => 
            [product_url] => http://gateway.octobercms.com/theme/rainlab-vanilla
        )

    [8] => Array
        (
            [name] => Flat UI
            [description] => A theme that uses a Flat user-interface and has no dependencies on others plugins.
            [code] => Responsiv.Flat
            [updated_at] => 2019-04-05 09:50:45
            [image] => //gateway.octobercms.com/storage/app/uploads/public/53d/084/fbc/thumb_543_210_140_0_0_crop.png
            [author] => Responsiv Internet
            [hash] => 3b3994c2c50d1b0f49a0725d764c12e8
            [demo_url] => 
            [product_url] => http://gateway.octobercms.com/theme/responsiv-flat
        )

)

.============================ POST REQUEST ==========================.
[2019/04/05 11:59:49] Postback payload: Array
(
    [name] => VojtaSvoboda.newage
    [handler] => onThemeDetails
)

[2019/04/05 11:59:49] Server request: theme/detail
[2019/04/05 11:59:49] Request information: Array
(
    [url] => http://gateway.octobercms.com/api/theme/detail
    [content_type] => application/json
    [http_code] => 200
    [header_size] => 418
    [request_size] => 253
    [filetime] => -1
    [ssl_verify_result] => 0
    [redirect_count] => 0
    [total_time] => 0.327689
    [namelookup_time] => 3.0E-5
    [connect_time] => 0.133887
    [pretransfer_time] => 0.133932
    [size_upload] => 105
    [size_download] => 475
    [speed_download] => 1452
    [speed_upload] => 321
    [download_content_length] => -1
    [upload_content_length] => 105
    [starttransfer_time] => 0.327658
    [redirect_time] => 0
    [redirect_url] => 
    [primary_ip] => 52.37.223.30
    [certinfo] => Array
        (
        )

    [primary_port] => 80
    [local_ip] => 172.31.20.48
    [local_port] => 52888
)

[2019/04/05 11:59:49] Execute handler (onThemeDetails): Array
(
    [name] => New Age
    [description] => Landing page for mobile apps
    [code] => VojtaSvoboda.newage
    [updated_at] => 2019-04-05 07:29:16
    [image] => //gateway.octobercms.com/storage/app/uploads/public/580/7eb/dc9/thumb_5770_210_140_0_0_crop.png
    [author] => Vojta Svoboda
    [hash] => 09d9e47e64a2ed47dc35146a792008c2
    [demo_url] => https://blackrockdigital.github.io/startbootstrap-new-age/
    [product_url] => http://gateway.octobercms.com/theme/vojtasvoboda-newage
    [require] => Array
        (
        )

)

.============================ POST REQUEST ==========================.
[2019/04/05 11:59:49] Postback payload: Array
(
    [step] => getMetaData
    [meta] => 
    [themes] => Array
        (
            [0] => Array
                (
                    [name] => New Age
                    [description] => Landing page for mobile apps
                    [code] => VojtaSvoboda.newage
                    [updated_at] => 2019-04-05 07:29:16
                    [image] => //gateway.octobercms.com/storage/app/uploads/public/580/7eb/dc9/thumb_5770_210_140_0_0_crop.png
                    [author] => Vojta Svoboda
                    [hash] => 09d9e47e64a2ed47dc35146a792008c2
                    [demo_url] => https://blackrockdigital.github.io/startbootstrap-new-age/
                    [product_url] => http://gateway.octobercms.com/theme/vojtasvoboda-newage
                )

        )

    [handler] => onInstallStep
)

[2019/04/05 11:59:49] Install step: getMetaData
[2019/04/05 11:59:50] Server request: core/install
[2019/04/05 11:59:50] Request information: Array
(
    [url] => http://gateway.octobercms.com/api/core/install
    [content_type] => application/json
    [http_code] => 200
    [header_size] => 418
    [request_size] => 262
    [filetime] => -1
    [ssl_verify_result] => 0
    [redirect_count] => 0
    [total_time] => 0.47479
    [namelookup_time] => 2.3E-5
    [connect_time] => 0.129854
    [pretransfer_time] => 0.129908
    [size_upload] => 114
    [size_download] => 188
    [speed_download] => 396
    [speed_upload] => 240
    [download_content_length] => -1
    [upload_content_length] => 114
    [starttransfer_time] => 0.47476
    [redirect_time] => 0
    [redirect_url] => 
    [primary_ip] => 52.37.223.30
    [certinfo] => Array
        (
        )

    [primary_port] => 80
    [local_ip] => 172.31.20.48
    [local_port] => 52890
)

[2019/04/05 11:59:50] Step getMetaData +OK
[2019/04/05 11:59:50] Execute handler (onInstallStep): Array
(
    [result] => Array
        (
            [core] => Array
                (
                    [hash] => 61c929870890c2206ff3d84c4a12c354
                    [build] => 447
                    [uhash] => 3bea68b737188c91d4613538c6dbcec4
                )

            [plugins] => Array
                (
                )

            [themes] => Array
                (
                    [VojtaSvoboda.newage] => 09d9e47e64a2ed47dc35146a792008c2
                )

        )

)

.============================ POST REQUEST ==========================.
[2019/04/05 11:59:50] Postback payload: Array
(
    [step] => downloadCore
    [meta] => Array
        (
            [core] => Array
                (
                    [hash] => 61c929870890c2206ff3d84c4a12c354
                    [build] => 447
                    [uhash] => 3bea68b737188c91d4613538c6dbcec4
                )

            [themes] => Array
                (
                    [VojtaSvoboda.newage] => 09d9e47e64a2ed47dc35146a792008c2
                )

        )

    [handler] => onInstallStep
)

[2019/04/05 11:59:50] Install step: downloadCore
[2019/04/05 11:59:52] Saving to file (core): /var/www/html/install_files/temp/a74ad8dfacd4f985eb3977517615ce25.arc
[2019/04/05 11:59:52] Step downloadCore +OK
[2019/04/05 11:59:52] Execute handler (onInstallStep): Array
(
    [result] => 
)

.============================ POST REQUEST ==========================.
[2019/04/05 11:59:53] Postback payload: Array
(
    [step] => downloadTheme
    [meta] => Array
        (
            [core] => Array
                (
                    [hash] => 61c929870890c2206ff3d84c4a12c354
                    [build] => 447
                    [uhash] => 3bea68b737188c91d4613538c6dbcec4
                )

            [themes] => Array
                (
                    [VojtaSvoboda.newage] => 09d9e47e64a2ed47dc35146a792008c2
                )

        )

    [name] => VojtaSvoboda.newage
    [handler] => onInstallStep
)

[2019/04/05 11:59:53] Install step: downloadTheme
[2019/04/05 11:59:54] Saving to file (VojtaSvoboda.newage-theme): /var/www/html/install_files/temp/09449ead57c34aa192eed1df27957a85.arc
[2019/04/05 11:59:54] Step downloadTheme +OK
[2019/04/05 11:59:54] Execute handler (onInstallStep): Array
(
    [result] => 
)

.============================ POST REQUEST ==========================.
[2019/04/05 11:59:54] Postback payload: Array
(
    [step] => extractCore
    [meta] => Array
        (
            [core] => Array
                (
                    [hash] => 61c929870890c2206ff3d84c4a12c354
                    [build] => 447
                    [uhash] => 3bea68b737188c91d4613538c6dbcec4
                )

            [themes] => Array
                (
                    [VojtaSvoboda.newage] => 09d9e47e64a2ed47dc35146a792008c2
                )

        )

    [handler] => onInstallStep
)

[2019/04/05 11:59:54] Install step: extractCore
[2019/04/05 11:59:54] Extracting file (core): a74ad8dfacd4f985eb3977517615ce25.arc
[2019/04/05 11:59:55] Step extractCore +OK
[2019/04/05 11:59:55] Execute handler (onInstallStep): Array
(
    [result] => 1
)

.============================ POST REQUEST ==========================.
[2019/04/05 11:59:55] Postback payload: Array
(
    [step] => extractTheme
    [meta] => Array
        (
            [core] => Array
                (
                    [hash] => 61c929870890c2206ff3d84c4a12c354
                    [build] => 447
                    [uhash] => 3bea68b737188c91d4613538c6dbcec4
                )

            [themes] => Array
                (
                    [VojtaSvoboda.newage] => 09d9e47e64a2ed47dc35146a792008c2
                )

        )

    [name] => VojtaSvoboda.newage
    [handler] => onInstallStep
)

[2019/04/05 11:59:55] Install step: extractTheme
[2019/04/05 11:59:55] Extracting file (VojtaSvoboda.newage-theme): 09449ead57c34aa192eed1df27957a85.arc
[2019/04/05 11:59:56] Step extractTheme +OK
[2019/04/05 11:59:56] Execute handler (onInstallStep): Array
(
    [result] => 1
)

.============================ POST REQUEST ==========================.
[2019/04/05 11:59:56] Postback payload: Array
(
    [step] => setupConfig
    [meta] => Array
        (
            [core] => Array
                (
                    [hash] => 61c929870890c2206ff3d84c4a12c354
                    [build] => 447
                    [uhash] => 3bea68b737188c91d4613538c6dbcec4
                )

            [themes] => Array
                (
                    [VojtaSvoboda.newage] => 09d9e47e64a2ed47dc35146a792008c2
                )

        )

    [db_type] => mysql
    [db_host] => localhost
    [db_port] => 3306
    [db_name] => octobercms
    [db_user] => kalyan
    [db_pass] => *******
    [admin_first_name] => Kalyan
    [admin_last_name] => Giri
    [admin_email] => *******@*****.com
    [admin_login] => admin
    [admin_password] => *******
    [admin_confirm_password] => *******
    [backend_uri] => /backend
    [encryption_code] => *******
    [file_mask] => 777
    [folder_mask] => 777
    [active_theme] => VojtaSvoboda.newage
    [handler] => onInstallStep
)

[2019/04/05 11:59:56] Install step: setupConfig
[2019/04/05 11:59:56] Step setupConfig +OK
[2019/04/05 11:59:56] Execute handler (onInstallStep): Array
(
    [result] => 
)

.============================ POST REQUEST ==========================.
[2019/04/05 11:59:56] Postback payload: Array
(
    [step] => createAdmin
    [meta] => Array
        (
            [core] => Array
                (
                    [hash] => 61c929870890c2206ff3d84c4a12c354
                    [build] => 447
                    [uhash] => 3bea68b737188c91d4613538c6dbcec4
                )

            [themes] => Array
                (
                    [VojtaSvoboda.newage] => 09d9e47e64a2ed47dc35146a792008c2
                )

        )

    [db_type] => mysql
    [db_host] => localhost
    [db_port] => 3306
    [db_name] => octobercms
    [db_user] => kalyan
    [db_pass] => *******
    [admin_first_name] => Kalyan
    [admin_last_name] => Giri
    [admin_email] => *******@*****.com
    [admin_login] => admin
    [admin_password] => *******
    [admin_confirm_password] => *******
    [backend_uri] => /backend
    [encryption_code] => *******
    [file_mask] => 777
    [folder_mask] => 777
    [active_theme] => VojtaSvoboda.newage
    [handler] => onInstallStep
)

[2019/04/05 11:59:56] Install step: createAdmin
[2019/04/05 11:59:56] Handler error (onInstallStep): SQLSTATE[HY000] [1698] Access denied for user 'root'@'localhost' (SQL: select * from information_schema.tables where table_schema = database and table_name = migrations)
[2019/04/05 11:59:56] Trace log:
#0 /var/www/html/vendor/laravel/framework/src/Illuminate/Database/Connection.php(624): Illuminate\Database\Connection->runQueryCallback('select * from i...', Array, Object(Closure))
#1 /var/www/html/vendor/laravel/framework/src/Illuminate/Database/Connection.php(333): Illuminate\Database\Connection->run('select * from i...', Array, Object(Closure))
#2 /var/www/html/vendor/laravel/framework/src/Illuminate/Database/Schema/MySqlBuilder.php(18): Illuminate\Database\Connection->select('select * from i...', Array)
#3 /var/www/html/vendor/laravel/framework/src/Illuminate/Support/Facades/Facade.php(221): Illuminate\Database\Schema\MySqlBuilder->hasTable('migrations')
#4 /var/www/html/modules/system/classes/UpdateManager.php(135): Illuminate\Support\Facades\Facade::__callStatic('hasTable', Array)
#5 /var/www/html/install_files/php/Installer.php(525): System\Classes\UpdateManager->update()
#6 /var/www/html/install_files/php/Installer.php(382): Installer->createAdminAccount()
#7 /var/www/html/install_files/php/Installer.php(48): Installer->onInstallStep()
#8 /var/www/html/install_files/php/boot.php(91): Installer->__construct()
#9 /var/www/html/install.php(1): include('/var/www/html/i...')
#10 {main}
.============================ POST REQUEST ==========================.
[2019/04/05 11:59:59] Postback payload: Array
(
    [step] => createAdmin
    [meta] => Array
        (
            [core] => Array
                (
                    [hash] => 61c929870890c2206ff3d84c4a12c354
                    [build] => 447
                    [uhash] => 3bea68b737188c91d4613538c6dbcec4
                )

            [themes] => Array
                (
                    [VojtaSvoboda.newage] => 09d9e47e64a2ed47dc35146a792008c2
                )

        )

    [db_type] => mysql
    [db_host] => localhost
    [db_port] => 3306
    [db_name] => octobercms
    [db_user] => kalyan
    [db_pass] => *******
    [admin_first_name] => Kalyan
    [admin_last_name] => Giri
    [admin_email] => *******@*****.com
    [admin_login] => admin
    [admin_password] => *******
    [admin_confirm_password] => *******
    [backend_uri] => /backend
    [encryption_code] => *******
    [file_mask] => 777
    [folder_mask] => 777
    [active_theme] => VojtaSvoboda.newage
    [handler] => onInstallStep
)

[2019/04/05 11:59:59] Install step: createAdmin
[2019/04/05 12:00:06] Step createAdmin +OK
[2019/04/05 12:00:06] Execute handler (onInstallStep): Array
(
    [result] => 
)

.============================ POST REQUEST ==========================.
[2019/04/05 12:00:08] Postback payload: Array
(
    [disableLog] => 1
)

[2019/04/05 12:00:08] Install step: setupProject
[2019/04/05 12:00:08] Step setupProject +OK
[2019/04/05 12:00:08] Execute handler (onInstallStep): Array
(
    [result] => 
)

.============================ POST REQUEST ==========================.
[2019/04/05 12:00:08] Postback payload: Array
(
    [step] => finishInstall
    [meta] => Array
        (
            [core] => Array
                (
                    [hash] => 61c929870890c2206ff3d84c4a12c354
                    [build] => 447
                    [uhash] => 3bea68b737188c91d4613538c6dbcec4
                )

            [themes] => Array
                (
                    [VojtaSvoboda.newage] => 09d9e47e64a2ed47dc35146a792008c2
                )

        )

    [hash] => 61c929870890c2206ff3d84c4a12c354
    [build] => 447
    [uhash] => 3bea68b737188c91d4613538c6dbcec4
    [handler] => onInstallStep
)

[2019/04/05 12:00:08] Install step: finishInstall
[2019/04/05 12:00:08] Cleaning up file: a74ad8dfacd4f985eb3977517615ce25.arc
[2019/04/05 12:00:08] Cleaning up file: 09449ead57c34aa192eed1df27957a85.arc
[2019/04/05 12:00:08] Step finishInstall +OK
[2019/04/05 12:00:08] Execute handler (onInstallStep): Array
(
    [result] => 
)

